[debug] [2024-10-17T21:44:56.676Z] ----------------------------------------------------------------------
[debug] [2024-10-17T21:44:56.679Z] Command:       C:\Program Files\nodejs\node.exe C:\Users\User\AppData\Roaming\npm\node_modules\firebase-tools\lib\bin\firebase.js deploy
[debug] [2024-10-17T21:44:56.680Z] CLI Version:   11.20.0
[debug] [2024-10-17T21:44:56.680Z] Platform:      win32
[debug] [2024-10-17T21:44:56.680Z] Node Version:  v18.12.0
[debug] [2024-10-17T21:44:56.681Z] Time:          Thu Oct 17 2024 18:44:56 GMT-0300 (hora estándar de Argentina)
[debug] [2024-10-17T21:44:56.682Z] ----------------------------------------------------------------------
[debug] 
[debug] [2024-10-17T21:44:56.688Z] >>> [apiv2][query] GET https://firebase-public.firebaseio.com/cli.json [none]
[debug] [2024-10-17T21:44:56.843Z] > command requires scopes: ["email","openid","https://www.googleapis.com/auth/cloudplatformprojects.readonly","https://www.googleapis.com/auth/firebase","https://www.googleapis.com/auth/cloud-platform"]
[debug] [2024-10-17T21:44:56.844Z] > authorizing via signed-in user (aguswaner12@gmail.com)
[debug] [2024-10-17T21:44:56.844Z] [iam] checking project frontendprueba-291f0 for permissions ["firebase.projects.get","firebasehosting.sites.update"]
[debug] [2024-10-17T21:44:56.846Z] > refreshing access token with scopes: []
[debug] [2024-10-17T21:44:56.847Z] >>> [apiv2][query] POST https://www.googleapis.com/oauth2/v3/token [none]
[debug] [2024-10-17T21:44:56.847Z] >>> [apiv2][body] POST https://www.googleapis.com/oauth2/v3/token [omitted]
[debug] [2024-10-17T21:44:57.021Z] <<< [apiv2][status] POST https://www.googleapis.com/oauth2/v3/token 400
[debug] [2024-10-17T21:44:57.021Z] <<< [apiv2][body] POST https://www.googleapis.com/oauth2/v3/token [omitted]
[debug] [2024-10-17T21:44:57.022Z] >>> [apiv2][query] POST https://cloudresourcemanager.googleapis.com/v1/projects/frontendprueba-291f0:testIamPermissions [none]
[debug] [2024-10-17T21:44:57.022Z] >>> [apiv2][(partial)header] POST https://cloudresourcemanager.googleapis.com/v1/projects/frontendprueba-291f0:testIamPermissions x-goog-quota-user=projects/frontendprueba-291f0
[debug] [2024-10-17T21:44:57.022Z] >>> [apiv2][body] POST https://cloudresourcemanager.googleapis.com/v1/projects/frontendprueba-291f0:testIamPermissions {"permissions":["firebase.projects.get","firebasehosting.sites.update"]}
[debug] [2024-10-17T21:44:57.278Z] <<< [apiv2][status] POST https://cloudresourcemanager.googleapis.com/v1/projects/frontendprueba-291f0:testIamPermissions 401
[debug] [2024-10-17T21:44:57.278Z] <<< [apiv2][body] POST https://cloudresourcemanager.googleapis.com/v1/projects/frontendprueba-291f0:testIamPermissions {"error":{"code":401,"message":"Request had invalid authentication credentials. Expected OAuth 2 access token, login cookie or other valid authentication credential. See https://developers.google.com/identity/sign-in/web/devconsole-project.","status":"UNAUTHENTICATED","details":[{"@type":"type.googleapis.com/google.rpc.ErrorInfo","reason":"ACCESS_TOKEN_TYPE_UNSUPPORTED","metadata":{"method":"google.cloudresourcemanager.v1.Projects.TestIamPermissions","service":"cloudresourcemanager.googleapis.com"}}]}}
[debug] [2024-10-17T21:44:57.279Z] [iam] error while checking permissions, command may fail: FirebaseError: HTTP Error: 401, Request had invalid authentication credentials. Expected OAuth 2 access token, login cookie or other valid authentication credential. See https://developers.google.com/identity/sign-in/web/devconsole-project.
[debug] [2024-10-17T21:44:57.280Z] > refreshing access token with scopes: []
[debug] [2024-10-17T21:44:57.280Z] >>> [apiv2][query] POST https://www.googleapis.com/oauth2/v3/token [none]
[debug] [2024-10-17T21:44:57.280Z] >>> [apiv2][body] POST https://www.googleapis.com/oauth2/v3/token [omitted]
[debug] [2024-10-17T21:44:57.285Z] <<< [apiv2][status] GET https://firebase-public.firebaseio.com/cli.json 200
[debug] [2024-10-17T21:44:57.285Z] <<< [apiv2][body] GET https://firebase-public.firebaseio.com/cli.json {"cloudBuildErrorAfter":1594252800000,"cloudBuildWarnAfter":1590019200000,"defaultNode10After":1594252800000,"minVersion":"3.0.5","node8DeploysDisabledAfter":1613390400000,"node8RuntimeDisabledAfter":1615809600000,"node8WarnAfter":1600128000000}
[debug] [2024-10-17T21:44:57.411Z] <<< [apiv2][status] POST https://www.googleapis.com/oauth2/v3/token 400
[debug] [2024-10-17T21:44:57.411Z] <<< [apiv2][body] POST https://www.googleapis.com/oauth2/v3/token [omitted]
[debug] [2024-10-17T21:44:57.412Z] >>> [apiv2][query] GET https://firebase.googleapis.com/v1beta1/projects/frontendprueba-291f0 [none]
[debug] [2024-10-17T21:44:57.564Z] <<< [apiv2][status] GET https://firebase.googleapis.com/v1beta1/projects/frontendprueba-291f0 401
[debug] [2024-10-17T21:44:57.564Z] <<< [apiv2][body] GET https://firebase.googleapis.com/v1beta1/projects/frontendprueba-291f0 {"error":{"code":401,"message":"Request had invalid authentication credentials. Expected OAuth 2 access token, login cookie or other valid authentication credential. See https://developers.google.com/identity/sign-in/web/devconsole-project.","status":"UNAUTHENTICATED"}}
[debug] [2024-10-17T21:44:57.564Z] HTTP Error: 401, Request had invalid authentication credentials. Expected OAuth 2 access token, login cookie or other valid authentication credential. See https://developers.google.com/identity/sign-in/web/devconsole-project.
[debug] [2024-10-17T21:44:57.566Z] FirebaseError: HTTP Error: 401, Request had invalid authentication credentials. Expected OAuth 2 access token, login cookie or other valid authentication credential. See https://developers.google.com/identity/sign-in/web/devconsole-project.
    at responseToError (C:\Users\User\AppData\Roaming\npm\node_modules\firebase-tools\lib\responseToError.js:49:12)
    at RetryOperation._fn (C:\Users\User\AppData\Roaming\npm\node_modules\firebase-tools\lib\apiv2.js:288:77)
    at process.processTicksAndRejections (node:internal/process/task_queues:95:5)
[error] 
[error] Error: Failed to get Firebase project frontendprueba-291f0. Please make sure the project exists and your account has permission to access it.
